<?xml version="1.0" encoding="UTF-8"?>
<!-- Generated by org.testng.reporters.JUnitReportReporter -->
<testsuite skipped="0" hostname="GPS-0066" name="testCases.AC03_ForgotPasswordTest" tests="1" failures="0" timestamp="16 Feb 2018 06:59:46 GMT" time="1.952" errors="0">
  <testcase name="retrievePassword" time="1.952" classname="testCases.AC03_ForgotPasswordTest"/>
</testsuite> <!-- testCases.AC03_ForgotPasswordTest -->
