<?xml version="1.0" encoding="UTF-8"?>
<!-- Generated by org.testng.reporters.JUnitReportReporter -->
<testsuite skipped="0" hostname="GPS-0066" name="testCases.AC01_LoginSuccessTest" tests="1" failures="0" timestamp="16 Feb 2018 06:59:46 GMT" time="3.750" errors="0">
  <testcase name="loginPageNavigation" time="3.750" classname="testCases.AC01_LoginSuccessTest"/>
</testsuite> <!-- testCases.AC01_LoginSuccessTest -->
