<?xml version="1.0" encoding="UTF-8"?>
<!-- Generated by org.testng.reporters.JUnitReportReporter -->
<testsuite skipped="0" hostname="GPS-0066" name="testCases.AC04_UploadFileTest" tests="1" failures="0" timestamp="16 Feb 2018 06:59:46 GMT" time="1.767" errors="0">
  <testcase name="chooseAndUploadFile" time="1.767" classname="testCases.AC04_UploadFileTest"/>
</testsuite> <!-- testCases.AC04_UploadFileTest -->
