<?xml version="1.0" encoding="UTF-8"?>
<!-- Generated by org.testng.reporters.JUnitReportReporter -->
<testsuite skipped="0" hostname="GPS-0066" name="com.ooyala.testCases.AC02_LoginFailureTest" tests="1" failures="0" timestamp="16 Feb 2018 06:49:41 GMT" time="2.019" errors="0">
  <testcase name="loginPageNavigation" time="2.019" classname="com.ooyala.testCases.AC02_LoginFailureTest"/>
</testsuite> <!-- com.ooyala.testCases.AC02_LoginFailureTest -->
