<?xml version="1.0" encoding="UTF-8"?>
<!-- Generated by org.testng.reporters.JUnitReportReporter -->
<testsuite skipped="0" hostname="GPS-0066" name="testCases.AC02_LoginFailureTest" tests="1" failures="0" timestamp="16 Feb 2018 06:59:46 GMT" time="2.035" errors="0">
  <testcase name="loginPageNavigation" time="2.035" classname="testCases.AC02_LoginFailureTest"/>
</testsuite> <!-- testCases.AC02_LoginFailureTest -->
